<?xml version="1.0" encoding="utf-8"?>
<?AutomationStudio Version="4.12.4.107 SP"?>
<Objects>
  <Object
    Path="C:\Users\maskeu\Desktop\All\projects\ECamp\PrintMarkCC_LW3\Logical\Package.pkg"
    LogicalPath=""
    Type="Package.ParentUnknown"
    LastWriteTime="133475370185101364" />
  <Object
    Path="C:\Users\maskeu\Desktop\All\projects\ECamp\PrintMarkCC_LW3\Temp\Includes\AS_TempDecl\Config1\GlobalComponents\MpComponents.var"
    LogicalPath="MpComponents.var"
    Type="File"
    LastWriteTime="133476337858988378"
    Private="false" />
  <Object
    Path="C:\Users\maskeu\Desktop\All\projects\ECamp\PrintMarkCC_LW3\Logical\Global.typ"
    LogicalPath="Global.typ"
    Type="File"
    LastWriteTime="133476078426767764"
    Private="false" />
  <Object
    Path="C:\Users\maskeu\Desktop\All\projects\ECamp\PrintMarkCC_LW3\Logical\Global.var"
    LogicalPath="Global.var"
    Type="File"
    LastWriteTime="133476146946329305"
    Private="false" />
  <Object
    Path="C:\Users\maskeu\Desktop\All\projects\ECamp\PrintMarkCC_LW3\Logical\Libraries\Package.pkg"
    LogicalPath="Libraries"
    Type="Package"
    LastWriteTime="133475362939413651" />
  <Object
    Path="C:\Users\maskeu\Desktop\All\projects\ECamp\PrintMarkCC_LW3\Logical\Libraries\operator\binary.lby"
    LogicalPath="Libraries.operator"
    Type="Library"
    LastWriteTime="133474379384114287" />
  <Object
    Path="C:\Users\maskeu\Desktop\All\projects\ECamp\PrintMarkCC_LW3\Logical\Libraries\operator\operator.fun"
    LogicalPath="Libraries.operator.operator.fun"
    Type="File"
    LastWriteTime="133474379384114287"
    Private="false" />
  <Object
    Path="C:\Users\maskeu\Desktop\All\projects\ECamp\PrintMarkCC_LW3\Logical\Libraries\operator\operator.typ"
    LogicalPath="Libraries.operator.operator.typ"
    Type="File"
    LastWriteTime="133474379384114287"
    Private="false" />
  <Object
    Path="C:\Users\maskeu\Desktop\All\projects\ECamp\PrintMarkCC_LW3\Logical\Libraries\operator\operator.var"
    LogicalPath="Libraries.operator.operator.var"
    Type="File"
    LastWriteTime="133474379384114287"
    Private="false" />
  <Object
    Path="C:\Users\maskeu\Desktop\All\projects\ECamp\PrintMarkCC_LW3\Logical\Libraries\runtime\binary.lby"
    LogicalPath="Libraries.runtime"
    Type="Library"
    LastWriteTime="133474379385960393" />
  <Object
    Path="C:\Users\maskeu\Desktop\All\projects\ECamp\PrintMarkCC_LW3\Logical\Libraries\runtime\runtime.fun"
    LogicalPath="Libraries.runtime.runtime.fun"
    Type="File"
    LastWriteTime="133474379385880151"
    Private="false" />
  <Object
    Path="C:\Users\maskeu\Desktop\All\projects\ECamp\PrintMarkCC_LW3\Logical\Libraries\runtime\runtime.typ"
    LogicalPath="Libraries.runtime.runtime.typ"
    Type="File"
    LastWriteTime="133474379385880151"
    Private="false" />
  <Object
    Path="C:\Users\maskeu\Desktop\All\projects\ECamp\PrintMarkCC_LW3\Logical\Libraries\runtime\runtime.var"
    LogicalPath="Libraries.runtime.runtime.var"
    Type="File"
    LastWriteTime="133474379385880151"
    Private="false" />
  <Object
    Path="C:\Users\maskeu\Desktop\All\projects\ECamp\PrintMarkCC_LW3\Logical\Libraries\astime\binary.lby"
    LogicalPath="Libraries.astime"
    Type="Library"
    LastWriteTime="133474379387683864" />
  <Object
    Path="C:\Users\maskeu\Desktop\All\projects\ECamp\PrintMarkCC_LW3\Logical\Libraries\astime\astime.fun"
    LogicalPath="Libraries.astime.astime.fun"
    Type="File"
    LastWriteTime="133474379387683864"
    Private="false" />
  <Object
    Path="C:\Users\maskeu\Desktop\All\projects\ECamp\PrintMarkCC_LW3\Logical\Libraries\astime\astime.typ"
    LogicalPath="Libraries.astime.astime.typ"
    Type="File"
    LastWriteTime="133474379387683864"
    Private="false" />
  <Object
    Path="C:\Users\maskeu\Desktop\All\projects\ECamp\PrintMarkCC_LW3\Logical\Libraries\astime\astime.var"
    LogicalPath="Libraries.astime.astime.var"
    Type="File"
    LastWriteTime="133474379387683864"
    Private="false" />
  <Object
    Path="C:\Users\maskeu\Desktop\All\projects\ECamp\PrintMarkCC_LW3\Logical\Libraries\AsIecCon\binary.lby"
    LogicalPath="Libraries.AsIecCon"
    Type="Library"
    LastWriteTime="133474379389672705" />
  <Object
    Path="C:\Users\maskeu\Desktop\All\projects\ECamp\PrintMarkCC_LW3\Logical\Libraries\AsIecCon\AsIecCon.fun"
    LogicalPath="Libraries.AsIecCon.AsIecCon.fun"
    Type="File"
    LastWriteTime="133474379389592543"
    Private="false" />
  <Object
    Path="C:\Users\maskeu\Desktop\All\projects\ECamp\PrintMarkCC_LW3\Logical\Libraries\AsIecCon\AsIecCon.typ"
    LogicalPath="Libraries.AsIecCon.AsIecCon.typ"
    Type="File"
    LastWriteTime="133474379389592543"
    Private="false" />
  <Object
    Path="C:\Users\maskeu\Desktop\All\projects\ECamp\PrintMarkCC_LW3\Logical\Libraries\AsIecCon\AsIecCon.var"
    LogicalPath="Libraries.AsIecCon.AsIecCon.var"
    Type="File"
    LastWriteTime="133474379389592543"
    Private="false" />
  <Object
    Path="C:\Users\maskeu\Desktop\All\projects\ECamp\PrintMarkCC_LW3\Logical\Libraries\Acp10man\Binary.lby"
    LogicalPath="Libraries.Acp10man"
    Type="Library"
    LastWriteTime="133474380138994737" />
  <Object
    Path="C:\Users\maskeu\Desktop\All\projects\ECamp\PrintMarkCC_LW3\Logical\Libraries\Acp10man\Acp10man.typ"
    LogicalPath="Libraries.Acp10man.Acp10man.typ"
    Type="File"
    LastWriteTime="133474380138994737"
    Private="false" />
  <Object
    Path="C:\Users\maskeu\Desktop\All\projects\ECamp\PrintMarkCC_LW3\Logical\Libraries\Acp10par\Binary.lby"
    LogicalPath="Libraries.Acp10par"
    Type="Library"
    LastWriteTime="133474380139373541" />
  <Object
    Path="C:\Users\maskeu\Desktop\All\projects\ECamp\PrintMarkCC_LW3\Logical\Libraries\Acp10par\Acp10par.var"
    LogicalPath="Libraries.Acp10par.Acp10par.var"
    Type="File"
    LastWriteTime="133474380139373541"
    Private="false" />
  <Object
    Path="C:\Users\maskeu\Desktop\All\projects\ECamp\PrintMarkCC_LW3\Logical\Libraries\NcGlobal\Binary.lby"
    LogicalPath="Libraries.NcGlobal"
    Type="Library"
    LastWriteTime="133474380139686238" />
  <Object
    Path="C:\Users\maskeu\Desktop\All\projects\ECamp\PrintMarkCC_LW3\Logical\Libraries\NcGlobal\NcGlobal.fun"
    LogicalPath="Libraries.NcGlobal.NcGlobal.fun"
    Type="File"
    LastWriteTime="133474380139686238"
    Private="false" />
  <Object
    Path="C:\Users\maskeu\Desktop\All\projects\ECamp\PrintMarkCC_LW3\Logical\Libraries\NcGlobal\NcGlobal.typ"
    LogicalPath="Libraries.NcGlobal.NcGlobal.typ"
    Type="File"
    LastWriteTime="133474380139686238"
    Private="false" />
  <Object
    Path="C:\Users\maskeu\Desktop\All\projects\ECamp\PrintMarkCC_LW3\Logical\Libraries\NcGlobal\NcGlobal.var"
    LogicalPath="Libraries.NcGlobal.NcGlobal.var"
    Type="File"
    LastWriteTime="133474380139686238"
    Private="false" />
  <Object
    Path="C:\Users\maskeu\Desktop\All\projects\ECamp\PrintMarkCC_LW3\Logical\Libraries\MpAxis\Binary.lby"
    LogicalPath="Libraries.MpAxis"
    Type="Library"
    LastWriteTime="133474413236581520" />
  <Object
    Path="C:\Users\maskeu\Desktop\All\projects\ECamp\PrintMarkCC_LW3\Logical\Libraries\MpAxis\MpAxis.typ"
    LogicalPath="Libraries.MpAxis.MpAxis.typ"
    Type="File"
    LastWriteTime="133474413236511861"
    Private="false" />
  <Object
    Path="C:\Users\maskeu\Desktop\All\projects\ECamp\PrintMarkCC_LW3\Logical\Libraries\MpAxis\MpAxisError.typ"
    LogicalPath="Libraries.MpAxis.MpAxisError.typ"
    Type="File"
    LastWriteTime="133474413236531441"
    Private="false" />
  <Object
    Path="C:\Users\maskeu\Desktop\All\projects\ECamp\PrintMarkCC_LW3\Logical\Libraries\MpAxis\MpAxisAlarm.typ"
    LogicalPath="Libraries.MpAxis.MpAxisAlarm.typ"
    Type="File"
    LastWriteTime="133474413236551554"
    Private="false" />
  <Object
    Path="C:\Users\maskeu\Desktop\All\projects\ECamp\PrintMarkCC_LW3\Logical\Libraries\MpAxis\MpAxis.fun"
    LogicalPath="Libraries.MpAxis.MpAxis.fun"
    Type="File"
    LastWriteTime="133474413236571433"
    Private="false" />
  <Object
    Path="C:\Users\maskeu\Desktop\All\projects\ECamp\PrintMarkCC_LW3\Logical\Libraries\Acp10_MC\binary.lby"
    LogicalPath="Libraries.Acp10_MC"
    Type="Library"
    LastWriteTime="133474413237182090" />
  <Object
    Path="C:\Users\maskeu\Desktop\All\projects\ECamp\PrintMarkCC_LW3\Logical\Libraries\Acp10_MC\acp10_mc.fun"
    LogicalPath="Libraries.Acp10_MC.acp10_mc.fun"
    Type="File"
    LastWriteTime="133474413237131461"
    Private="false" />
  <Object
    Path="C:\Users\maskeu\Desktop\All\projects\ECamp\PrintMarkCC_LW3\Logical\Libraries\Acp10_MC\acp10_mc.typ"
    LogicalPath="Libraries.Acp10_MC.acp10_mc.typ"
    Type="File"
    LastWriteTime="133474413237152082"
    Private="false" />
  <Object
    Path="C:\Users\maskeu\Desktop\All\projects\ECamp\PrintMarkCC_LW3\Logical\Libraries\Acp10_MC\acp10_mc.var"
    LogicalPath="Libraries.Acp10_MC.acp10_mc.var"
    Type="File"
    LastWriteTime="133474413237172077"
    Private="false" />
  <Object
    Path="C:\Users\maskeu\Desktop\All\projects\ECamp\PrintMarkCC_LW3\Logical\Libraries\MpBase\Binary.lby"
    LogicalPath="Libraries.MpBase"
    Type="Library"
    LastWriteTime="133474413237501844" />
  <Object
    Path="C:\Users\maskeu\Desktop\All\projects\ECamp\PrintMarkCC_LW3\Logical\Libraries\MpBase\MpBase.var"
    LogicalPath="Libraries.MpBase.MpBase.var"
    Type="File"
    LastWriteTime="133474413237431748"
    Private="false" />
  <Object
    Path="C:\Users\maskeu\Desktop\All\projects\ECamp\PrintMarkCC_LW3\Logical\Libraries\MpBase\MpBase.typ"
    LogicalPath="Libraries.MpBase.MpBase.typ"
    Type="File"
    LastWriteTime="133474413237451840"
    Private="false" />
  <Object
    Path="C:\Users\maskeu\Desktop\All\projects\ECamp\PrintMarkCC_LW3\Logical\Libraries\MpBase\MpBase.fun"
    LogicalPath="Libraries.MpBase.MpBase.fun"
    Type="File"
    LastWriteTime="133474413237472341"
    Private="false" />
  <Object
    Path="C:\Users\maskeu\Desktop\All\projects\ECamp\PrintMarkCC_LW3\Logical\Libraries\MpBase\Common_EventLog.tmx"
    LogicalPath="Libraries.MpBase.Common_EventLog.tmx"
    Type="File"
    LastWriteTime="133474413237491860"
    Private="false" />
  <Object
    Path="C:\Users\maskeu\Desktop\All\projects\ECamp\PrintMarkCC_LW3\Logical\Libraries\MpCom\Binary.lby"
    LogicalPath="Libraries.MpCom"
    Type="Library"
    LastWriteTime="133474413237792068" />
  <Object
    Path="C:\Users\maskeu\Desktop\All\projects\ECamp\PrintMarkCC_LW3\Logical\Libraries\MpCom\MpCom.var"
    LogicalPath="Libraries.MpCom.MpCom.var"
    Type="File"
    LastWriteTime="133474413237731922"
    Private="false" />
  <Object
    Path="C:\Users\maskeu\Desktop\All\projects\ECamp\PrintMarkCC_LW3\Logical\Libraries\MpCom\MpCom.typ"
    LogicalPath="Libraries.MpCom.MpCom.typ"
    Type="File"
    LastWriteTime="133474413237751740"
    Private="false" />
  <Object
    Path="C:\Users\maskeu\Desktop\All\projects\ECamp\PrintMarkCC_LW3\Logical\Libraries\MpCom\MpComError.typ"
    LogicalPath="Libraries.MpCom.MpComError.typ"
    Type="File"
    LastWriteTime="133474413237761723"
    Private="false" />
  <Object
    Path="C:\Users\maskeu\Desktop\All\projects\ECamp\PrintMarkCC_LW3\Logical\Libraries\MpCom\MpCom.fun"
    LogicalPath="Libraries.MpCom.MpCom.fun"
    Type="File"
    LastWriteTime="133474413237781825"
    Private="false" />
  <Object
    Path="C:\Users\maskeu\Desktop\All\projects\ECamp\PrintMarkCC_LW3\Logical\Libraries\sys_lib\binary.lby"
    LogicalPath="Libraries.sys_lib"
    Type="Library"
    LastWriteTime="133474413238111988" />
  <Object
    Path="C:\Users\maskeu\Desktop\All\projects\ECamp\PrintMarkCC_LW3\Logical\Libraries\sys_lib\sys_lib.fun"
    LogicalPath="Libraries.sys_lib.sys_lib.fun"
    Type="File"
    LastWriteTime="133474413238042126"
    Private="false" />
  <Object
    Path="C:\Users\maskeu\Desktop\All\projects\ECamp\PrintMarkCC_LW3\Logical\Libraries\sys_lib\sys_lib.typ"
    LogicalPath="Libraries.sys_lib.sys_lib.typ"
    Type="File"
    LastWriteTime="133474413238051781"
    Private="false" />
  <Object
    Path="C:\Users\maskeu\Desktop\All\projects\ECamp\PrintMarkCC_LW3\Logical\Libraries\sys_lib\sys_lib.var"
    LogicalPath="Libraries.sys_lib.sys_lib.var"
    Type="File"
    LastWriteTime="133474413238071793"
    Private="false" />
  <Object
    Path="C:\Users\maskeu\Desktop\All\projects\ECamp\PrintMarkCC_LW3\Logical\Libraries\brsystem\binary.lby"
    LogicalPath="Libraries.brsystem"
    Type="Library"
    LastWriteTime="133474413238391740" />
  <Object
    Path="C:\Users\maskeu\Desktop\All\projects\ECamp\PrintMarkCC_LW3\Logical\Libraries\brsystem\brsystem.fun"
    LogicalPath="Libraries.brsystem.brsystem.fun"
    Type="File"
    LastWriteTime="133474413238321808"
    Private="false" />
  <Object
    Path="C:\Users\maskeu\Desktop\All\projects\ECamp\PrintMarkCC_LW3\Logical\Libraries\brsystem\brsystem.typ"
    LogicalPath="Libraries.brsystem.brsystem.typ"
    Type="File"
    LastWriteTime="133474413238342113"
    Private="false" />
  <Object
    Path="C:\Users\maskeu\Desktop\All\projects\ECamp\PrintMarkCC_LW3\Logical\Libraries\brsystem\brsystem.var"
    LogicalPath="Libraries.brsystem.brsystem.var"
    Type="File"
    LastWriteTime="133474413238361796"
    Private="false" />
  <Object
    Path="C:\Users\maskeu\Desktop\All\projects\ECamp\PrintMarkCC_LW3\Logical\Libraries\MC_RegMa\binary.lby"
    LogicalPath="Libraries.MC_RegMa"
    Type="Library"
    LastWriteTime="133475295750014184" />
  <Object
    Path="C:\Users\maskeu\Desktop\All\projects\ECamp\PrintMarkCC_LW3\Logical\Libraries\MC_RegMa\MC_RegMa.fun"
    LogicalPath="Libraries.MC_RegMa.MC_RegMa.fun"
    Type="File"
    LastWriteTime="133475295750014184"
    Private="false" />
  <Object
    Path="C:\Users\maskeu\Desktop\All\projects\ECamp\PrintMarkCC_LW3\Logical\Libraries\MC_RegMa\MC_RegMa.typ"
    LogicalPath="Libraries.MC_RegMa.MC_RegMa.typ"
    Type="File"
    LastWriteTime="133475295750014184"
    Private="false" />
  <Object
    Path="C:\Users\maskeu\Desktop\All\projects\ECamp\PrintMarkCC_LW3\Logical\Libraries\MC_RegMa\MC_RegMa.var"
    LogicalPath="Libraries.MC_RegMa.MC_RegMa.var"
    Type="File"
    LastWriteTime="133475295750014184"
    Private="false" />
  <Object
    Path="C:\Users\maskeu\Desktop\All\projects\ECamp\PrintMarkCC_LW3\Logical\Libraries\MpAlarmX\Binary.lby"
    LogicalPath="Libraries.MpAlarmX"
    Type="Library"
    LastWriteTime="133475362938773258" />
  <Object
    Path="C:\Users\maskeu\Desktop\All\projects\ECamp\PrintMarkCC_LW3\Logical\Libraries\MpAlarmX\MpAlarmX.typ"
    LogicalPath="Libraries.MpAlarmX.MpAlarmX.typ"
    Type="File"
    LastWriteTime="133475362938693699"
    Private="false" />
  <Object
    Path="C:\Users\maskeu\Desktop\All\projects\ECamp\PrintMarkCC_LW3\Logical\Libraries\MpAlarmX\MpAlarmXError.typ"
    LogicalPath="Libraries.MpAlarmX.MpAlarmXError.typ"
    Type="File"
    LastWriteTime="133475362938693699"
    Private="false" />
  <Object
    Path="C:\Users\maskeu\Desktop\All\projects\ECamp\PrintMarkCC_LW3\Logical\Libraries\MpAlarmX\MpAlarmX.fun"
    LogicalPath="Libraries.MpAlarmX.MpAlarmX.fun"
    Type="File"
    LastWriteTime="133475362938773258"
    Private="false" />
  <Object
    Path="C:\Users\maskeu\Desktop\All\projects\ECamp\PrintMarkCC_LW3\Logical\Axis\Package.pkg"
    LogicalPath="Axis"
    Type="Package"
    LastWriteTime="133474398249350306" />
  <Object
    Path="C:\Users\maskeu\Desktop\All\projects\ECamp\PrintMarkCC_LW3\Logical\Axis\gAxMaster\Package.pkg"
    LogicalPath="Axis.gAxMaster"
    Type="Package"
    LastWriteTime="133474617788190066" />
  <Object
    Path="C:\Users\maskeu\Desktop\All\projects\ECamp\PrintMarkCC_LW3\Logical\Axis\gAxMaster\gAxMsa\Apt.dob"
    LogicalPath="Axis.gAxMaster.gAxMsa"
    Type="DataObject"
    LastWriteTime="133474617582063067" />
  <Object
    Path="C:\Users\maskeu\Desktop\All\projects\ECamp\PrintMarkCC_LW3\Logical\Axis\gAxMaster\gAxMsa\gAxisMs.apt"
    LogicalPath="Axis.gAxMaster.gAxMsa.gAxisMs.apt"
    Type="File"
    LastWriteTime="133474380134203944"
    Private="false" />
  <Object
    Path="C:\Users\maskeu\Desktop\All\projects\ECamp\PrintMarkCC_LW3\Logical\Axis\gAxMaster\gAxMsi\Ax.dob"
    LogicalPath="Axis.gAxMaster.gAxMsi"
    Type="DataObject"
    LastWriteTime="133474617659901005" />
  <Object
    Path="C:\Users\maskeu\Desktop\All\projects\ECamp\PrintMarkCC_LW3\Logical\Axis\gAxMaster\gAxMsi\gAxisMs.ax"
    LogicalPath="Axis.gAxMaster.gAxMsi.gAxisMs.ax"
    Type="File"
    LastWriteTime="133474380134203944"
    Private="false" />
  <Object
    Path="C:\Users\maskeu\Desktop\All\projects\ECamp\PrintMarkCC_LW3\Logical\Axis\acp10etxen\Ett.dob"
    LogicalPath="Axis.acp10etxen"
    Type="DataObject"
    LastWriteTime="133474380134360941" />
  <Object
    Path="C:\Users\maskeu\Desktop\All\projects\ECamp\PrintMarkCC_LW3\Logical\Axis\acp10etxen\acp10etxen.ett"
    LogicalPath="Axis.acp10etxen.acp10etxen.ett"
    Type="File"
    LastWriteTime="133474380134360941"
    Private="false" />
  <Object
    Path="C:\Users\maskeu\Desktop\All\projects\ECamp\PrintMarkCC_LW3\Logical\Axis\gAxSlave\Package.pkg"
    LogicalPath="Axis.gAxSlave"
    Type="Package"
    LastWriteTime="133474434864274180" />
  <Object
    Path="C:\Users\maskeu\Desktop\All\projects\ECamp\PrintMarkCC_LW3\Logical\Axis\gAxSlave\gAxSlavea\Apt.dob"
    LogicalPath="Axis.gAxSlave.gAxSlavea"
    Type="DataObject"
    LastWriteTime="133474380134516551" />
  <Object
    Path="C:\Users\maskeu\Desktop\All\projects\ECamp\PrintMarkCC_LW3\Logical\Axis\gAxSlave\gAxSlavea\gAxis02a.apt"
    LogicalPath="Axis.gAxSlave.gAxSlavea.gAxis02a.apt"
    Type="File"
    LastWriteTime="133474380134516551"
    Private="false" />
  <Object
    Path="C:\Users\maskeu\Desktop\All\projects\ECamp\PrintMarkCC_LW3\Logical\Axis\gAxSlave\gAxSlavei\Ax.dob"
    LogicalPath="Axis.gAxSlave.gAxSlavei"
    Type="DataObject"
    LastWriteTime="133474435693141782" />
  <Object
    Path="C:\Users\maskeu\Desktop\All\projects\ECamp\PrintMarkCC_LW3\Logical\Axis\gAxSlave\gAxSlavei\gAxisSlave.ax"
    LogicalPath="Axis.gAxSlave.gAxSlavei.gAxisSlave.ax"
    Type="File"
    LastWriteTime="133474380134516551"
    Private="false" />
  <Object
    Path="C:\Users\maskeu\Desktop\All\projects\ECamp\PrintMarkCC_LW3\Logical\Cutter\Package.pkg"
    LogicalPath="Cutter"
    Type="Package"
    LastWriteTime="133474414202020506" />
  <Object
    Path="C:\Users\maskeu\Desktop\All\projects\ECamp\PrintMarkCC_LW3\Logical\Cutter\Cutter\IEC.prg"
    LogicalPath="Cutter.Cutter"
    Type="Program"
    LastWriteTime="133475295068760228" />
  <Object
    Path="C:\Users\maskeu\Desktop\All\projects\ECamp\PrintMarkCC_LW3\Logical\Cutter\Cutter\Main.st"
    LogicalPath="Cutter.Cutter.Main.st"
    Type="File"
    LastWriteTime="133476362499762384"
    Private="false" />
  <Object
    Path="C:\Users\maskeu\Desktop\All\projects\ECamp\PrintMarkCC_LW3\Logical\Cutter\Cutter\Types.typ"
    LogicalPath="Cutter.Cutter.Types.typ"
    Type="File"
    LastWriteTime="133476102966933000"
    Private="true" />
  <Object
    Path="C:\Users\maskeu\Desktop\All\projects\ECamp\PrintMarkCC_LW3\Logical\Cutter\Cutter\Variables.var"
    LogicalPath="Cutter.Cutter.Variables.var"
    Type="File"
    LastWriteTime="133476155004178476"
    Private="true" />
  <Object
    Path="C:\Users\maskeu\Desktop\All\projects\ECamp\PrintMarkCC_LW3\Logical\Cutter\Cutter\SingCutter.st"
    LogicalPath="Cutter.Cutter.SingCutter.st"
    Type="File"
    LastWriteTime="133476343104876268"
    Private="false" />
  <Object
    Path="C:\Users\maskeu\Desktop\All\projects\ECamp\PrintMarkCC_LW3\Logical\Cutter\Cutter\MultCutter.st"
    LogicalPath="Cutter.Cutter.MultCutter.st"
    Type="File"
    LastWriteTime="133476286509158628"
    Private="false" />
  <Object
    Path="C:\Users\maskeu\Desktop\All\projects\ECamp\PrintMarkCC_LW3\Logical\Cutter\Cutter\CamAutoSingle.st"
    LogicalPath="Cutter.Cutter.CamAutoSingle.st"
    Type="File"
    LastWriteTime="133476356412273242"
    Private="false" />
  <Object
    Path="C:\Users\maskeu\Desktop\All\projects\ECamp\PrintMarkCC_LW3\Logical\Cutter\Cutter\CamAutoMulti.st"
    LogicalPath="Cutter.Cutter.CamAutoMulti.st"
    Type="File"
    LastWriteTime="133476315349317540"
    Private="false" />
  <Object
    Path="C:\Users\maskeu\Desktop\All\projects\ECamp\PrintMarkCC_LW3\Logical\Cutter\Cutter\RegCap.st"
    LogicalPath="Cutter.Cutter.RegCap.st"
    Type="File"
    LastWriteTime="133475306642382586"
    Private="false" />
  <Object
    Path="C:\Users\maskeu\Desktop\All\projects\ECamp\PrintMarkCC_LW3\Logical\AutoCtrl\Package.pkg"
    LogicalPath="AutoCtrl"
    Type="Package"
    LastWriteTime="133474404921517320" />
  <Object
    Path="C:\Users\maskeu\Desktop\All\projects\ECamp\PrintMarkCC_LW3\Logical\ConvCtrl\Package.pkg"
    LogicalPath="ConvCtrl"
    Type="Package"
    LastWriteTime="133476126803043172" />
  <Object
    Path="C:\Users\maskeu\Desktop\All\projects\ECamp\PrintMarkCC_LW3\Logical\ConvCtrl\ConvCtrl\IEC.prg"
    LogicalPath="ConvCtrl.ConvCtrl"
    Type="Program"
    LastWriteTime="133476091494967093" />
  <Object
    Path="C:\Users\maskeu\Desktop\All\projects\ECamp\PrintMarkCC_LW3\Logical\ConvCtrl\ConvCtrl\Main.st"
    LogicalPath="ConvCtrl.ConvCtrl.Main.st"
    Type="File"
    LastWriteTime="133476245506100259"
    Private="false" />
  <Object
    Path="C:\Users\maskeu\Desktop\All\projects\ECamp\PrintMarkCC_LW3\Logical\ConvCtrl\ConvCtrl\Types.typ"
    LogicalPath="ConvCtrl.ConvCtrl.Types.typ"
    Type="File"
    LastWriteTime="133476136039348691"
    Private="true" />
  <Object
    Path="C:\Users\maskeu\Desktop\All\projects\ECamp\PrintMarkCC_LW3\Logical\ConvCtrl\ConvCtrl\Variables.var"
    LogicalPath="ConvCtrl.ConvCtrl.Variables.var"
    Type="File"
    LastWriteTime="133476151864571543"
    Private="true" />
  <Object
    Path="C:\Users\maskeu\Desktop\All\projects\ECamp\PrintMarkCC_LW3\Logical\Alarms\Package.pkg"
    LogicalPath="Alarms"
    Type="Package"
    LastWriteTime="133475370186417720" />
  <Object
    Path="C:\Users\maskeu\Desktop\All\projects\ECamp\PrintMarkCC_LW3\Logical\Alarms\AlarmsX\IEC.prg"
    LogicalPath="Alarms.AlarmsX"
    Type="Program"
    LastWriteTime="133475370186261050" />
  <Object
    Path="C:\Users\maskeu\Desktop\All\projects\ECamp\PrintMarkCC_LW3\Logical\Alarms\AlarmsX\Main.st"
    LogicalPath="Alarms.AlarmsX.Main.st"
    Type="File"
    LastWriteTime="133475370644985232"
    Private="false" />
  <Object
    Path="C:\Users\maskeu\Desktop\All\projects\ECamp\PrintMarkCC_LW3\Logical\Alarms\AlarmsX\Types.typ"
    LogicalPath="Alarms.AlarmsX.Types.typ"
    Type="File"
    LastWriteTime="133475370186261050"
    Private="true" />
  <Object
    Path="C:\Users\maskeu\Desktop\All\projects\ECamp\PrintMarkCC_LW3\Logical\Alarms\AlarmsX\Variables.var"
    LogicalPath="Alarms.AlarmsX.Variables.var"
    Type="File"
    LastWriteTime="133475370186261050"
    Private="true" />
  <Object
    Path="C:\Users\maskeu\Desktop\All\projects\ECamp\PrintMarkCC_LW3\Logical\Datarec\Package.pkg"
    LogicalPath="Datarec"
    Type="Package"
    LastWriteTime="133474406042110629" />
  <Object
    Path="C:\Users\maskeu\Desktop\All\projects\ECamp\PrintMarkCC_LW3\Logical\Visu\Package.pkg"
    LogicalPath="Visu"
    Type="Package"
    LastWriteTime="133474406042328422" />
  <Object
    Path="C:\Users\maskeu\Desktop\All\projects\ECamp\PrintMarkCC_LW3\Physical\Config1\Config.pkg"
    LogicalPath="Config1"
    Type="Configuration.ParentUnknown"
    LastWriteTime="133474379430989710" />
  <Object
    Path="C:\Users\maskeu\Desktop\All\projects\ECamp\PrintMarkLabWork\Physical\Config1\Hardware.hw"
    LogicalPath="Config1.Hardware.hw"
    Type="File"
    LastWriteTime="133473538879161167"
    Private="false" />
  <Object
    Path="C:\Users\maskeu\Desktop\All\projects\ECamp\PrintMarkLabWork\Physical\Config1\Hardware.hwl"
    LogicalPath="Config1.Hardware.hwl"
    Type="File"
    LastWriteTime="133473602716531634"
    Private="false" />
  <Object
    Path="C:\Users\maskeu\Desktop\All\projects\ECamp\PrintMarkCC_LW3\Physical\Config1\X20CP0484\Cpu.pkg"
    LogicalPath="Config1.X20CP0484"
    Type="Cpu"
    LastWriteTime="133476356861215797" />
  <Object
    Path="C:\Users\maskeu\Desktop\All\projects\ECamp\PrintMarkCC_LW3\Physical\Config1\X20CP0484\Cpu.sw"
    LogicalPath="Config1.X20CP0484.Cpu.sw"
    Type="File"
    LastWriteTime="133476157170151324"
    Private="false" />
  <Object
    Path="C:\Users\maskeu\Desktop\All\projects\ECamp\PrintMarkCC_LW3\Physical\Config1\X20CP0484\Cpu.per"
    LogicalPath="Config1.X20CP0484.Cpu.per"
    Type="File"
    LastWriteTime="133474379392248592"
    Private="false" />
  <Object
    Path="C:\Users\maskeu\Desktop\All\projects\ECamp\PrintMarkCC_LW3\Physical\Config1\X20CP0484\IoMap.iom"
    LogicalPath="Config1.X20CP0484.IoMap.iom"
    Type="File"
    LastWriteTime="133474379392248592"
    Private="false" />
  <Object
    Path="C:\Users\maskeu\Desktop\All\projects\ECamp\PrintMarkCC_LW3\Physical\Config1\X20CP0484\PvMap.vvm"
    LogicalPath="Config1.X20CP0484.PvMap.vvm"
    Type="File"
    LastWriteTime="133474379392405647"
    Private="false" />
  <Object
    Path="C:\Users\maskeu\Desktop\All\projects\ECamp\PrintMarkCC_LW3\Physical\Config1\X20CP0484\Connectivity\Package.pkg"
    LogicalPath="Config1.X20CP0484.Connectivity"
    Type="Package"
    LastWriteTime="133474379393094915" />
  <Object
    Path="C:\Users\maskeu\Desktop\All\projects\ECamp\PrintMarkCC_LW3\Physical\Config1\X20CP0484\Connectivity\OpcUA\Package.pkg"
    LogicalPath="Config1.X20CP0484.Connectivity.OpcUA"
    Type="Package"
    LastWriteTime="133474379392938633" />
  <Object
    Path="C:\Users\maskeu\Desktop\All\projects\ECamp\PrintMarkCC_LW3\Physical\Config1\X20CP0484\Connectivity\OpcUaFx\Package.pkg"
    LogicalPath="Config1.X20CP0484.Connectivity.OpcUaFx"
    Type="Package"
    LastWriteTime="133474379393094915" />
  <Object
    Path="C:\Users\maskeu\Desktop\All\projects\ECamp\PrintMarkCC_LW3\Physical\Config1\X20CP0484\TextSystem\Package.pkg"
    LogicalPath="Config1.X20CP0484.TextSystem"
    Type="Package"
    LastWriteTime="133474379393407218" />
  <Object
    Path="C:\Users\maskeu\Desktop\All\projects\ECamp\PrintMarkCC_LW3\Physical\Config1\X20CP0484\UnitSystem\Package.pkg"
    LogicalPath="Config1.X20CP0484.UnitSystem"
    Type="Package"
    LastWriteTime="133474379393563530" />
  <Object
    Path="C:\Users\maskeu\Desktop\All\projects\ECamp\PrintMarkCC_LW3\Physical\Config1\X20CP0484\AccessAndSecurity\Package.pkg"
    LogicalPath="Config1.X20CP0484.AccessAndSecurity"
    Type="Package"
    LastWriteTime="133474379395099732" />
  <Object
    Path="C:\Users\maskeu\Desktop\All\projects\ECamp\PrintMarkCC_LW3\Physical\Config1\X20CP0484\AccessAndSecurity\UserRoleSystem\Package.pkg"
    LogicalPath="Config1.X20CP0484.AccessAndSecurity.UserRoleSystem"
    Type="Package"
    LastWriteTime="133474379393784771" />
  <Object
    Path="C:\Users\maskeu\Desktop\All\projects\ECamp\PrintMarkCC_LW3\Physical\Config1\X20CP0484\AccessAndSecurity\UserRoleSystem\Role.role"
    LogicalPath="Config1.X20CP0484.AccessAndSecurity.UserRoleSystem.Role.role"
    Type="File"
    LastWriteTime="133474379393719665"
    Private="false" />
  <Object
    Path="C:\Users\maskeu\Desktop\All\projects\ECamp\PrintMarkCC_LW3\Physical\Config1\X20CP0484\AccessAndSecurity\UserRoleSystem\User.user"
    LogicalPath="Config1.X20CP0484.AccessAndSecurity.UserRoleSystem.User.user"
    Type="File"
    LastWriteTime="133474379393719665"
    Private="false" />
  <Object
    Path="C:\Users\maskeu\Desktop\All\projects\ECamp\PrintMarkCC_LW3\Physical\Config1\X20CP0484\AccessAndSecurity\CertificateStore\Package.pkg"
    LogicalPath="Config1.X20CP0484.AccessAndSecurity.CertificateStore"
    Type="Package"
    LastWriteTime="133474379394722063" />
  <Object
    Path="C:\Users\maskeu\Desktop\All\projects\ECamp\PrintMarkCC_LW3\Physical\Config1\X20CP0484\AccessAndSecurity\CertificateStore\OwnCertificates\Package.pkg"
    LogicalPath="Config1.X20CP0484.AccessAndSecurity.CertificateStore.OwnCertificates"
    Type="Package"
    LastWriteTime="133474379394253456" />
  <Object
    Path="C:\Users\maskeu\Desktop\All\projects\ECamp\PrintMarkCC_LW3\Physical\Config1\X20CP0484\AccessAndSecurity\CertificateStore\OwnCertificates\Certificates\Package.pkg"
    LogicalPath="Config1.X20CP0484.AccessAndSecurity.CertificateStore.OwnCertificates.Certificates"
    Type="Package"
    LastWriteTime="133474379393941061" />
  <Object
    Path="C:\Users\maskeu\Desktop\All\projects\ECamp\PrintMarkCC_LW3\Physical\Config1\X20CP0484\AccessAndSecurity\CertificateStore\OwnCertificates\PrivateKeys\Package.pkg"
    LogicalPath="Config1.X20CP0484.AccessAndSecurity.CertificateStore.OwnCertificates.PrivateKeys"
    Type="Package"
    LastWriteTime="133474379394097276" />
  <Object
    Path="C:\Users\maskeu\Desktop\All\projects\ECamp\PrintMarkCC_LW3\Physical\Config1\X20CP0484\AccessAndSecurity\CertificateStore\ThirdPartyCertificates\Package.pkg"
    LogicalPath="Config1.X20CP0484.AccessAndSecurity.CertificateStore.ThirdPartyCertificates"
    Type="Package"
    LastWriteTime="133474379394409676" />
  <Object
    Path="C:\Users\maskeu\Desktop\All\projects\ECamp\PrintMarkCC_LW3\Physical\Config1\X20CP0484\AccessAndSecurity\CertificateStore\ThirdPartyCertificates\SoftwareCertificates\Package.pkg"
    LogicalPath="Config1.X20CP0484.AccessAndSecurity.CertificateStore.ThirdPartyCertificates.SoftwareCertificates"
    Type="Package"
    LastWriteTime="133474379394409676" />
  <Object
    Path="C:\Users\maskeu\Desktop\All\projects\ECamp\PrintMarkCC_LW3\Physical\Config1\X20CP0484\AccessAndSecurity\CertificateStore\CertificateRevocationLists\Package.pkg"
    LogicalPath="Config1.X20CP0484.AccessAndSecurity.CertificateStore.CertificateRevocationLists"
    Type="Package"
    LastWriteTime="133474379394565877" />
  <Object
    Path="C:\Users\maskeu\Desktop\All\projects\ECamp\PrintMarkCC_LW3\Physical\Config1\X20CP0484\AccessAndSecurity\CertificateStore\CertificateSigningRequests\Package.pkg"
    LogicalPath="Config1.X20CP0484.AccessAndSecurity.CertificateStore.CertificateSigningRequests"
    Type="Package"
    LastWriteTime="133474379394722063" />
  <Object
    Path="C:\Users\maskeu\Desktop\All\projects\ECamp\PrintMarkCC_LW3\Physical\Config1\X20CP0484\AccessAndSecurity\TransportLayerSecurity\Package.pkg"
    LogicalPath="Config1.X20CP0484.AccessAndSecurity.TransportLayerSecurity"
    Type="Package"
    LastWriteTime="133474379394944205" />
  <Object
    Path="C:\Users\maskeu\Desktop\All\projects\ECamp\PrintMarkCC_LW3\Physical\Config1\X20CP0484\AccessAndSecurity\Firewall\Package.pkg"
    LogicalPath="Config1.X20CP0484.AccessAndSecurity.Firewall"
    Type="Package"
    LastWriteTime="133474379395099732" />
  <Object
    Path="C:\Users\maskeu\Desktop\All\projects\ECamp\PrintMarkCC_LW3\Physical\Config1\X20CP0484\AccessAndSecurity\Firewall\Rules.firewallRules"
    LogicalPath="Config1.X20CP0484.AccessAndSecurity.Firewall.Rules.firewallRules"
    Type="File"
    LastWriteTime="133474379394944205"
    Private="false" />
  <Object
    Path="C:\Users\maskeu\Desktop\All\projects\ECamp\PrintMarkCC_LW3\Physical\Config1\X20CP0484\mappControl\Package.pkg"
    LogicalPath="Config1.X20CP0484.mappControl"
    Type="Package"
    LastWriteTime="133474379395255835" />
  <Object
    Path="C:\Users\maskeu\Desktop\All\projects\ECamp\PrintMarkCC_LW3\Physical\Config1\X20CP0484\mappMotion\Package.pkg"
    LogicalPath="Config1.X20CP0484.mappMotion"
    Type="Package"
    LastWriteTime="133474379395412866" />
  <Object
    Path="C:\Users\maskeu\Desktop\All\projects\ECamp\PrintMarkCC_LW3\Physical\Config1\X20CP0484\mappServices\Package.pkg"
    LogicalPath="Config1.X20CP0484.mappServices"
    Type="Package"
    LastWriteTime="133475363027573326" />
  <Object
    Path="C:\Users\maskeu\Desktop\All\projects\ECamp\PrintMarkCC_LW3\Physical\Config1\X20CP0484\mappServices\Alarms.mpalarmxcore"
    LogicalPath="Config1.X20CP0484.mappServices.Alarms.mpalarmxcore"
    Type="File"
    LastWriteTime="133475362872518100"
    Private="false" />
  <Object
    Path="C:\Users\maskeu\Desktop\All\projects\ECamp\PrintMarkCC_LW3\Physical\Config1\X20CP0484\mappSafety\Package.pkg"
    LogicalPath="Config1.X20CP0484.mappSafety"
    Type="Package"
    LastWriteTime="133474379396258334" />
  <Object
    Path="C:\Users\maskeu\Desktop\All\projects\ECamp\PrintMarkCC_LW3\Physical\Config1\X20CP0484\mappSafety\SafeApplication\Package.pkg"
    LogicalPath="Config1.X20CP0484.mappSafety.SafeApplication"
    Type="Package"
    LastWriteTime="133474379395945906" />
  <Object
    Path="C:\Users\maskeu\Desktop\All\projects\ECamp\PrintMarkCC_LW3\Physical\Config1\X20CP0484\mappSafety\SafeCommissioning\Package.pkg"
    LogicalPath="Config1.X20CP0484.mappSafety.SafeCommissioning"
    Type="Package"
    LastWriteTime="133474379396258334" />
  <Object
    Path="C:\Users\maskeu\Desktop\All\projects\ECamp\PrintMarkCC_LW3\Physical\Config1\X20CP0484\mappView\Package.pkg"
    LogicalPath="Config1.X20CP0484.mappView"
    Type="Package"
    LastWriteTime="133474379396414419" />
  <Object
    Path="C:\Users\maskeu\Desktop\All\projects\ECamp\PrintMarkCC_LW3\Physical\Config1\X20CP0484\mappVision\Package.pkg"
    LogicalPath="Config1.X20CP0484.mappVision"
    Type="Package"
    LastWriteTime="133474379396570677" />
  <Object
    Path="C:\Users\maskeu\Desktop\All\projects\ECamp\PrintMarkCC_LW3\Physical\Config1\X20CP0484\mappCockpit\Package.pkg"
    LogicalPath="Config1.X20CP0484.mappCockpit"
    Type="Package"
    LastWriteTime="133474379396948671" />
  <Object
    Path="C:\Users\maskeu\Desktop\All\projects\ECamp\PrintMarkCC_LW3\Physical\Config1\X20CP0484\Motion\Package.pkg"
    LogicalPath="Config1.X20CP0484.Motion"
    Type="Package"
    LastWriteTime="133474417643782199" />
  <Object
    Path="C:\Users\maskeu\Desktop\All\projects\ECamp\PrintMarkCC_LW3\Physical\Config1\X20CP0484\Motion\Acp10cfg.ncc"
    LogicalPath="Config1.X20CP0484.Motion.Acp10cfg.ncc"
    Type="File"
    LastWriteTime="133474380593351739"
    Private="false" />
  <Object
    Path="C:\Users\maskeu\Desktop\All\projects\ECamp\PrintMarkCC_LW3\Physical\Config1\X20CP0484\Motion\Acp10map.ncm"
    LogicalPath="Config1.X20CP0484.Motion.Acp10map.ncm"
    Type="File"
    LastWriteTime="133474618116610081"
    Private="false" />
  <Object
    Path="C:\Users\maskeu\Desktop\All\projects\ECamp\PrintMarkCC_LW3\Physical\Config1\X20CP0484\Motion\Acp10sys.br"
    LogicalPath="Config1.X20CP0484.Motion.Acp10sys.br"
    Type="File"
    LastWriteTime="133474380593663594"
    Private="false" />
  <Object
    Path="C:\Users\maskeu\Desktop\All\projects\ECamp\PrintMarkCC_LW3\Physical\Config1\X20CP0484\Motion\masteraxis.mpaxisbasic"
    LogicalPath="Config1.X20CP0484.Motion.masteraxis.mpaxisbasic"
    Type="File"
    LastWriteTime="133475526748102165"
    Private="false" />
  <Object
    Path="C:\Users\maskeu\Desktop\All\projects\ECamp\PrintMarkCC_LW3\Physical\Config1\X20CP0484\Motion\slaveaxis.mpaxisbasic"
    LogicalPath="Config1.X20CP0484.Motion.slaveaxis.mpaxisbasic"
    Type="File"
    LastWriteTime="133475526882900535"
    Private="false" />
  <Object
    Path="C:\Users\maskeu\Desktop\All\projects\ECamp\PrintMarkCC_LW3\Physical\Config1\Hardware.jpg"
    LogicalPath="Config1.Hardware.jpg"
    Type="File"
    LastWriteTime="133474379430834341"
    Private="false" />
</Objects>